#-----------------------------------------------------------
# Vivado v2017.4 (64-bit)
# SW Build 2086221 on Fri Dec 15 20:55:39 MST 2017
# IP Build 2085800 on Fri Dec 15 22:25:07 MST 2017
# Start of session at: Thu May 12 19:27:45 2022
# Process ID: 15364
# Current directory: C:/Users/86173/Documents/code/vivado/single/CPU_SPOC_SINGLE
# Command line: vivado.exe -gui_launcher_event rodinguilauncherevent18740 C:\Users\86173\Documents\code\vivado\single\CPU_SPOC_SINGLE\CPU_SPOC.xpr
# Log file: C:/Users/86173/Documents/code/vivado/single/CPU_SPOC_SINGLE/vivado.log
# Journal file: C:/Users/86173/Documents/code/vivado/single/CPU_SPOC_SINGLE\vivado.jou
#-----------------------------------------------------------
start_gui
open_project C:/Users/86173/Documents/code/vivado/single/CPU_SPOC_SINGLE/CPU_SPOC.xpr
INFO: [Project 1-313] Project file moved from 'C:/Users/86173/Documents/code/vivado/CPU_SPOC' since last save.
CRITICAL WARNING: [Project 1-311] Could not find the file 'C:/Users/86173/Documents/code/vivado/single/CPU_SPOC_SINGLE/CPU_SPOC.srcs/sources_1/imports/new/ctrl.v', nor could it be found using path 'C:/Users/86173/Documents/code/vivado/CPU_SPOC/CPU_SPOC.srcs/sources_1/imports/new/ctrl.v'.
WARNING: [Project 1-312] File not found as 'C:/Users/86173/Documents/code/subjects/计组/Lab02 CPU实验环境搭建/Lab02 CPU实验环境搭建（学生版）/OExp02-IP2SOC/I_mem.coe'; using path 'C:/Users/86173/Documents/subjects/计组/Lab02 CPU实验环境搭建/Lab02 CPU实验环境搭建（学生版）/OExp02-IP2SOC/I_mem.coe' instead.
WARNING: [Project 1-312] File not found as 'C:/Users/86173/Documents/code/subjects/计组/Lab02 CPU实验环境搭建/Lab02 CPU实验环境搭建（老师版）/OExp02-IP2SOC/I_mem.coe'; using path 'C:/Users/86173/Documents/subjects/计组/Lab02 CPU实验环境搭建/Lab02 CPU实验环境搭建（老师版）/OExp02-IP2SOC/I_mem.coe' instead.
Scanning sources...
Finished scanning sources
WARNING: [Project 1-312] File not found as 'C:/Users/86173/Documents/code/subjects/计组/Lab02 CPU实验环境搭建/Lab02 CPU实验环境搭建（学生版）/OExp02-IP2SOC/I_mem.coe'; using path 'C:/Users/86173/Documents/subjects/计组/Lab02 CPU实验环境搭建/Lab02 CPU实验环境搭建（学生版）/OExp02-IP2SOC/I_mem.coe' instead.
WARNING: [Project 1-312] File not found as 'C:/Users/86173/Documents/code/subjects/计组/Lab02 CPU实验环境搭建/Lab02 CPU实验环境搭建（老师版）/OExp02-IP2SOC/I_mem.coe'; using path 'C:/Users/86173/Documents/subjects/计组/Lab02 CPU实验环境搭建/Lab02 CPU实验环境搭建（老师版）/OExp02-IP2SOC/I_mem.coe' instead.
WARNING: [Project 1-312] File not found as 'C:/Users/86173/Documents/code/subjects/计组/Lab02 CPU实验环境搭建/Lab02 CPU实验环境搭建（学生版）/OExp02-IP2SOC/I_mem.coe'; using path 'C:/Users/86173/Documents/subjects/计组/Lab02 CPU实验环境搭建/Lab02 CPU实验环境搭建（学生版）/OExp02-IP2SOC/I_mem.coe' instead.
WARNING: [Project 1-312] File not found as 'C:/Users/86173/Documents/code/subjects/计组/Lab02 CPU实验环境搭建/Lab02 CPU实验环境搭建（老师版）/OExp02-IP2SOC/I_mem.coe'; using path 'C:/Users/86173/Documents/subjects/计组/Lab02 CPU实验环境搭建/Lab02 CPU实验环境搭建（老师版）/OExp02-IP2SOC/I_mem.coe' instead.
INFO: [IP_Flow 19-234] Refreshing IP repositories
INFO: [IP_Flow 19-1704] No user IP repositories specified
INFO: [IP_Flow 19-2313] Loaded Vivado IP repository 'I:/Xilinx/Vivado/2017.4/data/ip'.
WARNING: [IP_Flow 19-2162] IP 'SSeg7_Dev_0' is locked:
* IP definition 'SSeg7_Dev (1.0)' for IP 'SSeg7_Dev_0' (customized with software release 2017.4) was not found in the IP Catalog.
Please select 'Report IP Status' from the 'Tools/Report' menu or run Tcl command 'report_ip_status' for more information.
update_compile_order -fileset sources_1
open_hw
connect_hw_server
INFO: [Labtools 27-2285] Connecting to hw_server url TCP:localhost:3121
INFO: [Labtools 27-2222] Launching hw_server...
INFO: [Labtools 27-2221] Launch Output:

****** Xilinx hw_server v2017.4
  **** Build date : Dec 15 2017-21:08:27
    ** Copyright 1986-2017 Xilinx, Inc. All Rights Reserved.


open_hw_target
INFO: [Labtoolstcl 44-466] Opening hw_target localhost:3121/xilinx_tcf/Digilent/201612300081
set_property PROGRAM.FILE {C:/Users/86173/Documents/code/vivado/single/CPU_SPOC_SINGLE/CPU_SPOC.runs/impl_1/CSSTE.bit} [get_hw_devices xc7k160t_0]
current_hw_device [get_hw_devices xc7k160t_0]
refresh_hw_device -update_hw_probes false [lindex [get_hw_devices xc7k160t_0] 0]
INFO: [Labtools 27-1434] Device xc7k160t (JTAG device index = 0) is programmed with a design that has no supported debug core(s) in it.
WARNING: [Labtools 27-3361] The debug hub core was not detected.
Resolution: 
1. Make sure the clock connected to the debug hub (dbg_hub) core is a free running clock and is active.
2. Make sure the BSCAN_SWITCH_USER_MASK device property in Vivado Hardware Manager reflects the user scan chain setting in the design and refresh the device.  To determine the user scan chain setting in the design, open the implemented design and use 'get_property C_USER_SCAN_CHAIN [get_debug_cores dbg_hub]'.
For more details on setting the scan chain property, consult the Vivado Debug and Programming User Guide (UG908).
set_property PROBES.FILE {} [get_hw_devices xc7k160t_0]
set_property FULL_PROBES.FILE {} [get_hw_devices xc7k160t_0]
set_property PROGRAM.FILE {C:/Users/86173/Documents/code/vivado/single/CPU_SPOC_SINGLE/CPU_SPOC.runs/impl_1/CSSTE.bit} [get_hw_devices xc7k160t_0]
program_hw_devices [get_hw_devices xc7k160t_0]
INFO: [Labtools 27-3164] End of startup status: HIGH
program_hw_devices: Time (s): cpu = 00:00:06 ; elapsed = 00:00:06 . Memory (MB): peak = 1463.785 ; gain = 0.000
refresh_hw_device [lindex [get_hw_devices xc7k160t_0] 0]
INFO: [Labtools 27-1434] Device xc7k160t (JTAG device index = 0) is programmed with a design that has no supported debug core(s) in it.
WARNING: [Labtools 27-3361] The debug hub core was not detected.
Resolution: 
1. Make sure the clock connected to the debug hub (dbg_hub) core is a free running clock and is active.
2. Make sure the BSCAN_SWITCH_USER_MASK device property in Vivado Hardware Manager reflects the user scan chain setting in the design and refresh the device.  To determine the user scan chain setting in the design, open the implemented design and use 'get_property C_USER_SCAN_CHAIN [get_debug_cores dbg_hub]'.
For more details on setting the scan chain property, consult the Vivado Debug and Programming User Guide (UG908).
